VR_Buffet/Library/Bee/Android/Prj/IL2CPP/Gradle/unityLibrary/build/intermediates/manifest_merge_blame_file/release/manifest-merger-blame-release-report.txt
1<?xml version="1.0" encoding="utf-8"?>
2<manifest xmlns:android="http://schemas.android.com/apk/res/android"
3    xmlns:tools="http://schemas.android.com/tools"
4    package="com.unity3d.player"
5    android:installLocation="auto" >
6
7    <uses-sdk
8        android:minSdkVersion="29"
8-->src/main/AndroidManifest.xml
9        android:targetSdkVersion="34" />
9-->src/main/AndroidManifest.xml
10
11    <uses-permission android:name="android.permission.INTERNET" />
11-->src/main/AndroidManifest.xml:3:3-65
11-->src/main/AndroidManifest.xml:3:20-62
12
13    <uses-feature android:glEsVersion="0x00030000" />
13-->src/main/AndroidManifest.xml:4:3-52
13-->src/main/AndroidManifest.xml:4:17-49
14    <uses-feature
14-->src/main/AndroidManifest.xml:5:3-91
15        android:name="android.hardware.vulkan.version"
15-->src/main/AndroidManifest.xml:5:17-63
16        android:required="false" />
16-->src/main/AndroidManifest.xml:5:64-88
17    <uses-feature
17-->src/main/AndroidManifest.xml:6:3-88
18        android:name="android.hardware.touchscreen"
18-->src/main/AndroidManifest.xml:6:17-60
19        android:required="false" />
19-->src/main/AndroidManifest.xml:6:61-85
20    <uses-feature
20-->src/main/AndroidManifest.xml:7:3-99
21        android:name="android.hardware.touchscreen.multitouch"
21-->src/main/AndroidManifest.xml:7:17-71
22        android:required="false" />
22-->src/main/AndroidManifest.xml:7:72-96
23    <uses-feature
23-->src/main/AndroidManifest.xml:8:3-108
24        android:name="android.hardware.touchscreen.multitouch.distinct"
24-->src/main/AndroidManifest.xml:8:17-80
25        android:required="false" />
25-->src/main/AndroidManifest.xml:8:81-105
26    <uses-feature
26-->src/main/AndroidManifest.xml:33:3-111
27        android:name="android.hardware.vr.headtracking"
27-->src/main/AndroidManifest.xml:33:17-64
28        android:required="true"
28-->src/main/AndroidManifest.xml:33:65-88
29        android:version="1" />
29-->src/main/AndroidManifest.xml:33:89-108
30
31    <application
31-->src/main/AndroidManifest.xml:9:3-32:17
32        android:allowBackup="false"
32-->src/main/AndroidManifest.xml:9:114-141
33        android:extractNativeLibs="true"
33-->src/main/AndroidManifest.xml:9:16-48
34        android:icon="@mipmap/app_icon"
34-->src/main/AndroidManifest.xml:9:82-113
35        android:label="@string/app_name"
35-->src/main/AndroidManifest.xml:9:49-81
36        android:networkSecurityConfig="@xml/network_sec_config" >
36-->src/main/AndroidManifest.xml:9:142-197
37        <meta-data
37-->src/main/AndroidManifest.xml:10:5-69
38            android:name="unity.splash-mode"
38-->src/main/AndroidManifest.xml:10:16-48
39            android:value="0" />
39-->src/main/AndroidManifest.xml:10:49-66
40        <meta-data
40-->src/main/AndroidManifest.xml:11:5-74
41            android:name="unity.splash-enable"
41-->src/main/AndroidManifest.xml:11:16-50
42            android:value="True" />
42-->src/main/AndroidManifest.xml:11:51-71
43        <meta-data
43-->src/main/AndroidManifest.xml:12:5-78
44            android:name="unity.launch-fullscreen"
44-->src/main/AndroidManifest.xml:12:16-54
45            android:value="True" />
45-->src/main/AndroidManifest.xml:12:55-75
46        <meta-data
46-->src/main/AndroidManifest.xml:13:5-84
47            android:name="unity.render-outside-safearea"
47-->src/main/AndroidManifest.xml:13:16-60
48            android:value="True" />
48-->src/main/AndroidManifest.xml:13:61-81
49        <meta-data
49-->src/main/AndroidManifest.xml:14:5-81
50            android:name="notch.config"
50-->src/main/AndroidManifest.xml:14:16-43
51            android:value="portrait|landscape" />
51-->src/main/AndroidManifest.xml:14:44-78
52        <meta-data
52-->src/main/AndroidManifest.xml:15:5-84
53            android:name="unity.auto-report-fully-drawn"
53-->src/main/AndroidManifest.xml:15:16-60
54            android:value="true" />
54-->src/main/AndroidManifest.xml:15:61-81
55
56        <activity
56-->src/main/AndroidManifest.xml:16:5-25:16
57            android:name="com.unity3d.player.UnityPlayerActivity"
57-->src/main/AndroidManifest.xml:16:15-68
58            android:configChanges="keyboard|keyboardHidden|navigation|orientation|screenLayout|screenSize|uiMode|density"
58-->src/main/AndroidManifest.xml:16:204-313
59            android:exported="true"
59-->src/main/AndroidManifest.xml:16:385-408
60            android:hardwareAccelerated="false"
60-->src/main/AndroidManifest.xml:16:349-384
61            android:launchMode="singleTask"
61-->src/main/AndroidManifest.xml:16:172-203
62            android:resizeableActivity="false"
62-->src/main/AndroidManifest.xml:16:314-348
63            android:screenOrientation="landscape"
63-->src/main/AndroidManifest.xml:16:134-171
64            android:theme="@android:style/Theme.Black.NoTitleBar.Fullscreen" >
64-->src/main/AndroidManifest.xml:16:69-133
65            <intent-filter>
65-->src/main/AndroidManifest.xml:17:7-21:23
66                <category android:name="android.intent.category.LAUNCHER" />
66-->src/main/AndroidManifest.xml:18:9-69
66-->src/main/AndroidManifest.xml:18:19-66
67
68                <action android:name="android.intent.action.MAIN" />
68-->src/main/AndroidManifest.xml:19:9-61
68-->src/main/AndroidManifest.xml:19:17-58
69
70                <category android:name="com.oculus.intent.category.VR" />
70-->src/main/AndroidManifest.xml:20:9-66
70-->src/main/AndroidManifest.xml:20:19-63
71            </intent-filter>
72
73            <meta-data
73-->src/main/AndroidManifest.xml:22:7-82
74                android:name="unityplayer.UnityActivity"
74-->src/main/AndroidManifest.xml:22:18-58
75                android:value="true" />
75-->src/main/AndroidManifest.xml:22:59-79
76            <meta-data
76-->src/main/AndroidManifest.xml:23:7-70
77                android:name="notch_support"
77-->src/main/AndroidManifest.xml:23:18-46
78                android:value="true" />
78-->src/main/AndroidManifest.xml:23:47-67
79            <meta-data
79-->src/main/AndroidManifest.xml:24:7-81
80                android:name="com.oculus.vr.focusaware"
80-->src/main/AndroidManifest.xml:24:18-57
81                android:value="true" />
81-->src/main/AndroidManifest.xml:24:58-78
82        </activity>
83
84        <meta-data
84-->src/main/AndroidManifest.xml:26:5-97
85            android:name="com.samsung.android.vr.application.mode"
85-->src/main/AndroidManifest.xml:26:16-70
86            android:value="vr_only" />
86-->src/main/AndroidManifest.xml:26:71-94
87        <meta-data
87-->src/main/AndroidManifest.xml:27:5-91
88            android:name="com.unity.xr.oculus.LowOverheadMode"
88-->src/main/AndroidManifest.xml:27:16-66
89            android:value="false" />
89-->src/main/AndroidManifest.xml:27:67-88
90        <meta-data
90-->src/main/AndroidManifest.xml:28:5-88
91            android:name="com.unity.xr.oculus.LateLatching"
91-->src/main/AndroidManifest.xml:28:16-63
92            android:value="false" />
92-->src/main/AndroidManifest.xml:28:64-85
93        <meta-data
93-->src/main/AndroidManifest.xml:29:5-93
94            android:name="com.unity.xr.oculus.LateLatchingDebug"
94-->src/main/AndroidManifest.xml:29:16-68
95            android:value="false" />
95-->src/main/AndroidManifest.xml:29:69-90
96        <meta-data
96-->src/main/AndroidManifest.xml:30:5-93
97            android:name="com.oculus.supportedDevices"
97-->src/main/AndroidManifest.xml:30:16-58
98            android:value="quest2|questpro" />
98-->src/main/AndroidManifest.xml:30:59-90
99        <meta-data
99-->src/main/AndroidManifest.xml:31:5-86
100            android:name="com.oculus.ossplash.background"
100-->src/main/AndroidManifest.xml:31:16-61
101            android:value="black" />
101-->src/main/AndroidManifest.xml:31:62-83
102    </application>
103
104</manifest>